2021-09-15 17:23:26,265 - Datos CONSTANTES del arreglo CIRCULAR:
2021-09-15 17:23:26,265 -   -DR = 0.1
2021-09-15 17:23:26,265 -   -Dz = 0.25
2021-09-15 17:23:26,265 -   -Nz = 1
2021-09-15 17:23:50,499 - Desnormalizando para 13 Anillos y 17 elementos por anillo:
2021-09-15 17:23:59,070 - Distancia en Lambda: 0.06
2021-09-15 17:23:59,070 - Distancia en [m]: 9.0
2021-09-15 17:23:59,070 - Frecuencia: 2000000.0
2021-09-15 17:23:59,070 - Empezando Log
2021-09-15 17:23:59,070 - Comenzando Geom_Arreglo
2021-09-15 17:23:59,073 - Apuntamiento configurado:
2021-09-15 17:23:59,073 -  -Azimuth = 50
2021-09-15 17:23:59,073 -  -Elevac. = 30
2021-09-15 17:24:03,741 - Resultados:
2021-09-15 17:24:03,741 -  -Ancho de Elevacion  = 51.8948145690031
2021-09-15 17:24:03,742 -  -Ancho de Azimuth = 48.434124833387855
2021-09-15 17:24:03,742 - Distancia en Lambda: 0.09
2021-09-15 17:24:03,742 - Distancia en [m]: 9.0
2021-09-15 17:24:03,742 - Frecuencia: 3000000.0
2021-09-15 17:24:03,742 - Empezando Log
2021-09-15 17:24:03,742 - Comenzando Geom_Arreglo
2021-09-15 17:24:03,745 - Apuntamiento configurado:
2021-09-15 17:24:03,745 -  -Azimuth = 50
2021-09-15 17:24:03,745 -  -Elevac. = 30
2021-09-15 17:24:09,414 - Resultados:
2021-09-15 17:24:09,414 -  -Ancho de Elevacion  = 26.802932918652747
2021-09-15 17:24:09,414 -  -Ancho de Azimuth = 36.15894712833219
2021-09-15 17:24:09,414 - Distancia en Lambda: 0.12
2021-09-15 17:24:09,414 - Distancia en [m]: 9.0
2021-09-15 17:24:09,414 - Frecuencia: 4000000.0
2021-09-15 17:24:09,414 - Empezando Log
2021-09-15 17:24:09,415 - Comenzando Geom_Arreglo
2021-09-15 17:24:09,417 - Apuntamiento configurado:
2021-09-15 17:24:09,417 -  -Azimuth = 50
2021-09-15 17:24:09,417 -  -Elevac. = 30
2021-09-15 17:24:15,961 - Resultados:
2021-09-15 17:24:15,962 -  -Ancho de Elevacion  = 18.75625616358301
2021-09-15 17:24:15,962 -  -Ancho de Azimuth = 28.75025866267321
2021-09-15 17:24:15,962 - Distancia en Lambda: 0.15
2021-09-15 17:24:15,962 - Distancia en [m]: 9.0
2021-09-15 17:24:15,962 - Frecuencia: 5000000.0
2021-09-15 17:24:15,962 - Empezando Log
2021-09-15 17:24:15,962 - Comenzando Geom_Arreglo
2021-09-15 17:24:15,965 - Apuntamiento configurado:
2021-09-15 17:24:15,965 -  -Azimuth = 50
2021-09-15 17:24:15,965 -  -Elevac. = 30
2021-09-15 17:24:24,542 - Resultados:
2021-09-15 17:24:24,542 -  -Ancho de Elevacion  = 14.737073748073083
2021-09-15 17:24:24,542 -  -Ancho de Azimuth = 23.68880671519492
2021-09-15 17:24:24,542 - Distancia en Lambda: 0.18
2021-09-15 17:24:24,542 - Distancia en [m]: 9.0
2021-09-15 17:24:24,542 - Frecuencia: 6000000.0
2021-09-15 17:24:24,542 - Empezando Log
2021-09-15 17:24:24,542 - Comenzando Geom_Arreglo
2021-09-15 17:24:24,545 - Apuntamiento configurado:
2021-09-15 17:24:24,546 -  -Azimuth = 50
2021-09-15 17:24:24,546 -  -Elevac. = 30
2021-09-15 17:24:34,194 - Resultados:
2021-09-15 17:24:34,194 -  -Ancho de Elevacion  = 12.221182472981052
2021-09-15 17:24:34,194 -  -Ancho de Azimuth = 20.047393689180943
2021-09-15 17:24:34,194 - Distancia en Lambda: 0.21000000000000002
2021-09-15 17:24:34,194 - Distancia en [m]: 9.0
2021-09-15 17:24:34,194 - Frecuencia: 7000000.0
2021-09-15 17:24:34,194 - Empezando Log
2021-09-15 17:24:34,194 - Comenzando Geom_Arreglo
2021-09-15 17:24:34,197 - Apuntamiento configurado:
2021-09-15 17:24:34,197 -  -Azimuth = 50
2021-09-15 17:24:34,197 -  -Elevac. = 30
2021-09-15 17:24:43,169 - Resultados:
2021-09-15 17:24:43,169 -  -Ancho de Elevacion  = 10.449269922024968
2021-09-15 17:24:43,170 -  -Ancho de Azimuth = 17.48088422511777
2021-09-15 17:24:43,170 - Distancia en Lambda: 0.24
2021-09-15 17:24:43,170 - Distancia en [m]: 9.0
2021-09-15 17:24:43,170 - Frecuencia: 8000000.0
2021-09-15 17:24:43,170 - Empezando Log
2021-09-15 17:24:43,170 - Comenzando Geom_Arreglo
2021-09-15 17:24:43,173 - Apuntamiento configurado:
2021-09-15 17:24:43,173 -  -Azimuth = 50
2021-09-15 17:24:43,173 -  -Elevac. = 30
2021-09-15 17:24:53,833 - Resultados:
2021-09-15 17:24:53,833 -  -Ancho de Elevacion  = 9.138899695510926
2021-09-15 17:24:53,833 -  -Ancho de Azimuth = 15.423400944578738
2021-09-15 17:24:53,833 - Distancia en Lambda: 0.26999999999999996
2021-09-15 17:24:53,833 - Distancia en [m]: 9.0
2021-09-15 17:24:53,833 - Frecuencia: 9000000.0
2021-09-15 17:24:53,833 - Empezando Log
2021-09-15 17:24:53,833 - Comenzando Geom_Arreglo
2021-09-15 17:24:53,836 - Apuntamiento configurado:
2021-09-15 17:24:53,836 -  -Azimuth = 50
2021-09-15 17:24:53,836 -  -Elevac. = 30
2021-09-15 17:25:09,940 - Resultados:
2021-09-15 17:25:09,940 -  -Ancho de Elevacion  = 8.141910464094174
2021-09-15 17:25:09,940 -  -Ancho de Azimuth = 13.833277811211886
2021-09-15 17:25:09,940 - Distancia en Lambda: 0.3
2021-09-15 17:25:09,940 - Distancia en [m]: 9.0
2021-09-15 17:25:09,940 - Frecuencia: 10000000.0
2021-09-15 17:25:09,940 - Empezando Log
2021-09-15 17:25:09,941 - Comenzando Geom_Arreglo
2021-09-15 17:25:09,944 - Apuntamiento configurado:
2021-09-15 17:25:09,944 -  -Azimuth = 50
2021-09-15 17:25:09,944 -  -Elevac. = 30
2021-09-15 17:25:28,830 - Resultados:
2021-09-15 17:25:28,830 -  -Ancho de Elevacion  = 7.313885899418864
2021-09-15 17:25:28,831 -  -Ancho de Azimuth = 12.450097640411641
2021-09-15 17:25:28,831 - Distancia en Lambda: 0.33
2021-09-15 17:25:28,831 - Distancia en [m]: 9.0
2021-09-15 17:25:28,831 - Frecuencia: 11000000.0
2021-09-15 17:25:28,831 - Empezando Log
2021-09-15 17:25:28,831 - Comenzando Geom_Arreglo
2021-09-15 17:25:28,834 - Apuntamiento configurado:
2021-09-15 17:25:28,834 -  -Azimuth = 50
2021-09-15 17:25:28,834 -  -Elevac. = 30
2021-09-15 17:25:50,089 - Resultados:
2021-09-15 17:25:50,089 -  -Ancho de Elevacion  = 6.662004222170111
2021-09-15 17:25:50,089 -  -Ancho de Azimuth = 11.301378981557995
2021-09-15 17:25:50,089 - Distancia en Lambda: 0.36
2021-09-15 17:25:50,089 - Distancia en [m]: 9.0
2021-09-15 17:25:50,089 - Frecuencia: 12000000.0
2021-09-15 17:25:50,089 - Empezando Log
2021-09-15 17:25:50,089 - Comenzando Geom_Arreglo
2021-09-15 17:25:50,092 - Apuntamiento configurado:
2021-09-15 17:25:50,092 -  -Azimuth = 50
2021-09-15 17:25:50,092 -  -Elevac. = 30
2021-09-15 17:26:17,364 - Resultados:
2021-09-15 17:26:17,365 -  -Ancho de Elevacion  = 6.104008002832185
2021-09-15 17:26:17,365 -  -Ancho de Azimuth = 10.46143567405585
2021-09-15 17:26:17,365 - Distancia en Lambda: 0.39
2021-09-15 17:26:17,365 - Distancia en [m]: 9.0
2021-09-15 17:26:17,365 - Frecuencia: 13000000.0
2021-09-15 17:26:17,365 - Empezando Log
2021-09-15 17:26:17,365 - Comenzando Geom_Arreglo
2021-09-15 17:26:17,367 - Apuntamiento configurado:
2021-09-15 17:26:17,367 -  -Azimuth = 50
2021-09-15 17:26:17,367 -  -Elevac. = 30
2021-09-15 17:26:46,290 - Resultados:
2021-09-15 17:26:46,290 -  -Ancho de Elevacion  = 5.6249046606558295
2021-09-15 17:26:46,290 -  -Ancho de Azimuth = 9.670663014946776
2021-09-15 17:26:46,290 - Distancia en Lambda: 0.42000000000000004
2021-09-15 17:26:46,290 - Distancia en [m]: 9.0
2021-09-15 17:26:46,290 - Frecuencia: 14000000.0
2021-09-15 17:26:46,290 - Empezando Log
2021-09-15 17:26:46,290 - Comenzando Geom_Arreglo
2021-09-15 17:26:46,293 - Apuntamiento configurado:
2021-09-15 17:26:46,293 -  -Azimuth = 50
2021-09-15 17:26:46,293 -  -Elevac. = 30
2021-09-15 17:27:14,994 - Resultados:
2021-09-15 17:27:14,995 -  -Ancho de Elevacion  = 5.222218575082728
2021-09-15 17:27:14,995 -  -Ancho de Azimuth = 8.954217185955969
2021-09-15 17:27:14,995 - Distancia en Lambda: 0.45
2021-09-15 17:27:14,995 - Distancia en [m]: 9.0
2021-09-15 17:27:14,995 - Frecuencia: 15000000.0
2021-09-15 17:27:14,995 - Empezando Log
2021-09-15 17:27:14,995 - Comenzando Geom_Arreglo
2021-09-15 17:27:14,998 - Apuntamiento configurado:
2021-09-15 17:27:14,998 -  -Azimuth = 50
2021-09-15 17:27:14,998 -  -Elevac. = 30
2021-09-15 17:27:46,315 - Resultados:
2021-09-15 17:27:46,315 -  -Ancho de Elevacion  = 4.8824127182906985
2021-09-15 17:27:46,315 -  -Ancho de Azimuth = 8.35180585603866
2021-09-15 17:27:46,316 - Distancia en Lambda: 0.48
2021-09-15 17:27:46,316 - Distancia en [m]: 9.0
2021-09-15 17:27:46,316 - Frecuencia: 16000000.0
2021-09-15 17:27:46,316 - Empezando Log
2021-09-15 17:27:46,316 - Comenzando Geom_Arreglo
2021-09-15 17:27:46,319 - Apuntamiento configurado:
2021-09-15 17:27:46,319 -  -Azimuth = 50
2021-09-15 17:27:46,319 -  -Elevac. = 30
2021-09-15 17:28:18,581 - Resultados:
2021-09-15 17:28:18,581 -  -Ancho de Elevacion  = 4.586033383275705
2021-09-15 17:28:18,581 -  -Ancho de Azimuth = 7.837169636078613
2021-09-15 17:28:18,581 - Distancia en Lambda: 0.51
2021-09-15 17:28:18,581 - Distancia en [m]: 9.0
2021-09-15 17:28:18,581 - Frecuencia: 17000000.0
2021-09-15 17:28:18,581 - Empezando Log
2021-09-15 17:28:18,581 - Comenzando Geom_Arreglo
2021-09-15 17:28:18,583 - Apuntamiento configurado:
2021-09-15 17:28:18,583 -  -Azimuth = 50
2021-09-15 17:28:18,583 -  -Elevac. = 30
2021-09-15 17:28:51,938 - Resultados:
2021-09-15 17:28:51,938 -  -Ancho de Elevacion  = 4.333816861970099
2021-09-15 17:28:51,938 -  -Ancho de Azimuth = 7.387687485252414
2021-09-15 17:28:51,938 - Distancia en Lambda: 0.5399999999999999
2021-09-15 17:28:51,938 - Distancia en [m]: 9.0
2021-09-15 17:28:51,938 - Frecuencia: 18000000.0
2021-09-15 17:28:51,938 - Empezando Log
2021-09-15 17:28:51,938 - Comenzando Geom_Arreglo
2021-09-15 17:28:51,941 - Apuntamiento configurado:
2021-09-15 17:28:51,941 -  -Azimuth = 50
2021-09-15 17:28:51,942 -  -Elevac. = 30
2021-09-15 17:29:26,619 - Resultados:
2021-09-15 17:29:26,619 -  -Ancho de Elevacion  = 4.1064820538205105
2021-09-15 17:29:26,619 -  -Ancho de Azimuth = 6.961468492934273
2021-09-15 17:29:26,619 - Distancia en Lambda: 0.5700000000000001
2021-09-15 17:29:26,619 - Distancia en [m]: 9.0
2021-09-15 17:29:26,619 - Frecuencia: 19000000.0
2021-09-15 17:29:26,619 - Empezando Log
2021-09-15 17:29:26,619 - Comenzando Geom_Arreglo
2021-09-15 17:29:26,622 - Apuntamiento configurado:
2021-09-15 17:29:26,622 -  -Azimuth = 50
2021-09-15 17:29:26,622 -  -Elevac. = 30
2021-09-15 17:30:12,363 - Resultados:
2021-09-15 17:30:12,363 -  -Ancho de Elevacion  = 3.87867448466881
2021-09-15 17:30:12,363 -  -Ancho de Azimuth = 6.6459288223715305
2021-09-15 17:30:12,363 - Distancia en Lambda: 0.6
2021-09-15 17:30:12,364 - Distancia en [m]: 9.0
2021-09-15 17:30:12,364 - Frecuencia: 20000000.0
2021-09-15 17:30:12,364 - Empezando Log
2021-09-15 17:30:12,364 - Comenzando Geom_Arreglo
2021-09-15 17:30:12,367 - Apuntamiento configurado:
2021-09-15 17:30:12,367 -  -Azimuth = 50
2021-09-15 17:30:12,367 -  -Elevac. = 30
2021-09-15 17:31:01,210 - Resultados:
2021-09-15 17:31:01,210 -  -Ancho de Elevacion  = 3.677188590234575
2021-09-15 17:31:01,210 -  -Ancho de Azimuth = 6.3041427040036595
2021-09-15 17:31:01,210 - Fin de desnormalizacion
